# JRE version: Java(TM) SE Runtime Environment (8.0_111-b14) (build 1.8.0_111-b14)
# Java VM: Java HotSpot(TM) Client VM (25.111-b14 mixed mode windows-x86 )
Heap:
 def new generation   total 39424K, used 25019K [0x04e00000, 0x078c0000, 0x0f8a0000)
  eden space 35072K,  71% used [0x04e00000, 0x0666cf30, 0x07040000)
  from space 4352K,   0% used [0x07040000, 0x07041f88, 0x07480000)
  to   space 4352K,   0% used [0x07480000, 0x07480000, 0x078c0000)
 tenured generation   total 87424K, used 39713K [0x0f8a0000, 0x14e00000, 0x24e00000)
   the space 87424K,  45% used [0x0f8a0000, 0x11f68568, 0x11f68600, 0x14e00000)
 Metaspace       used 19111K, capacity 19544K, committed 19712K, reserved 19840K
GC Heap History (10 events):
Event: 3010123.568 GC heap before
{Heap before GC invocations=107626 (full 2):
 def new generation   total 39424K, used 35074K [0x04e00000, 0x078c0000, 0x0f8a0000)
  eden space 35072K, 100% used [0x04e00000, 0x07040000, 0x07040000)
  from space 4352K,   0% used [0x07480000, 0x07480ae0, 0x078c0000)
  to   space 4352K,   0% used [0x07040000, 0x07040000, 0x07480000)
 tenured generation   total 87424K, used 39713K [0x0f8a0000, 0x14e00000, 0x24e00000)
   the space 87424K,  45% used [0x0f8a0000, 0x11f68568, 0x11f68600, 0x14e00000)
 Metaspace       used 19111K, capacity 19544K, committed 19712K, reserved 19840K
Event: 3010123.569 GC heap after
Heap after GC invocations=107627 (full 2):
 def new generation   total 39424K, used 2K [0x04e00000, 0x078c0000, 0x0f8a0000)
  eden space 35072K,   0% used [0x04e00000, 0x04e00000, 0x07040000)
  from space 4352K,   0% used [0x07040000, 0x07040ae0, 0x07480000)
  to   space 4352K,   0% used [0x07480000, 0x07480000, 0x078c0000)
 tenured generation   total 87424K, used 39713K [0x0f8a0000, 0x14e00000, 0x24e00000)
   the space 87424K,  45% used [0x0f8a0000, 0x11f68568, 0x11f68600, 0x14e00000)
 Metaspace       used 19111K, capacity 19544K, committed 19712K, reserved 19840K
}
Event: 3010162.061 GC heap before
{Heap before GC invocations=107627 (full 2):
 def new generation   total 39424K, used 35074K [0x04e00000, 0x078c0000, 0x0f8a0000)
  eden space 35072K, 100% used [0x04e00000, 0x07040000, 0x07040000)
  from space 4352K,   0% used [0x07040000, 0x07040ae0, 0x07480000)
  to   space 4352K,   0% used [0x07480000, 0x07480000, 0x078c0000)
 tenured generation   total 87424K, used 39713K [0x0f8a0000, 0x14e00000, 0x24e00000)
   the space 87424K,  45% used [0x0f8a0000, 0x11f68568, 0x11f68600, 0x14e00000)
 Metaspace       used 19111K, capacity 19544K, committed 19712K, reserved 19840K
Event: 3010162.062 GC heap after
Heap after GC invocations=107628 (full 2):
 def new generation   total 39424K, used 2K [0x04e00000, 0x078c0000, 0x0f8a0000)
  eden space 35072K,   0% used [0x04e00000, 0x04e00000, 0x07040000)
  from space 4352K,   0% used [0x07480000, 0x07480ad8, 0x078c0000)
  to   space 4352K,   0% used [0x07040000, 0x07040000, 0x07480000)
 tenured generation   total 87424K, used 39713K [0x0f8a0000, 0x14e00000, 0x24e00000)
   the space 87424K,  45% used [0x0f8a0000, 0x11f68568, 0x11f68600, 0x14e00000)
 Metaspace       used 19111K, capacity 19544K, committed 19712K, reserved 19840K
}
Event: 3010201.045 GC heap before
{Heap before GC invocations=107628 (full 2):
 def new generation   total 39424K, used 35074K [0x04e00000, 0x078c0000, 0x0f8a0000)
  eden space 35072K, 100% used [0x04e00000, 0x07040000, 0x07040000)
  from space 4352K,   0% used [0x07480000, 0x07480ad8, 0x078c0000)
  to   space 4352K,   0% used [0x07040000, 0x07040000, 0x07480000)
 tenured generation   total 87424K, used 39713K [0x0f8a0000, 0x14e00000, 0x24e00000)
   the space 87424K,  45% used [0x0f8a0000, 0x11f68568, 0x11f68600, 0x14e00000)
 Metaspace       used 19111K, capacity 19544K, committed 19712K, reserved 19840K
Event: 3010201.048 GC heap after
Heap after GC invocations=107629 (full 2):
 def new generation   total 39424K, used 3K [0x04e00000, 0x078c0000, 0x0f8a0000)
  eden space 35072K,   0% used [0x04e00000, 0x04e00000, 0x07040000)
  from space 4352K,   0% used [0x07040000, 0x07040e30, 0x07480000)
  to   space 4352K,   0% used [0x07480000, 0x07480000, 0x078c0000)
 tenured generation   total 87424K, used 39713K [0x0f8a0000, 0x14e00000, 0x24e00000)
   the space 87424K,  45% used [0x0f8a0000, 0x11f68568, 0x11f68600, 0x14e00000)
 Metaspace       used 19111K, capacity 19544K, committed 19712K, reserved 19840K
}
Event: 3010239.639 GC heap before
{Heap before GC invocations=107629 (full 2):
 def new generation   total 39424K, used 35075K [0x04e00000, 0x078c0000, 0x0f8a0000)
  eden space 35072K, 100% used [0x04e00000, 0x07040000, 0x07040000)
  from space 4352K,   0% used [0x07040000, 0x07040e30, 0x07480000)
  to   space 4352K,   0% used [0x07480000, 0x07480000, 0x078c0000)
 tenured generation   total 87424K, used 39713K [0x0f8a0000, 0x14e00000, 0x24e00000)
   the space 87424K,  45% used [0x0f8a0000, 0x11f68568, 0x11f68600, 0x14e00000)
 Metaspace       used 19111K, capacity 19544K, committed 19712K, reserved 19840K
Event: 3010239.640 GC heap after
Heap after GC invocations=107630 (full 2):
 def new generation   total 39424K, used 3K [0x04e00000, 0x078c0000, 0x0f8a0000)
  eden space 35072K,   0% used [0x04e00000, 0x04e00000, 0x07040000)
  from space 4352K,   0% used [0x07480000, 0x07480ca0, 0x078c0000)
  to   space 4352K,   0% used [0x07040000, 0x07040000, 0x07480000)
 tenured generation   total 87424K, used 39713K [0x0f8a0000, 0x14e00000, 0x24e00000)
   the space 87424K,  45% used [0x0f8a0000, 0x11f68568, 0x11f68600, 0x14e00000)
 Metaspace       used 19111K, capacity 19544K, committed 19712K, reserved 19840K
}
Event: 3010278.665 GC heap before
{Heap before GC invocations=107630 (full 2):
 def new generation   total 39424K, used 35075K [0x04e00000, 0x078c0000, 0x0f8a0000)
  eden space 35072K, 100% used [0x04e00000, 0x07040000, 0x07040000)
  from space 4352K,   0% used [0x07480000, 0x07480ca0, 0x078c0000)
  to   space 4352K,   0% used [0x07040000, 0x07040000, 0x07480000)
 tenured generation   total 87424K, used 39713K [0x0f8a0000, 0x14e00000, 0x24e00000)
   the space 87424K,  45% used [0x0f8a0000, 0x11f68568, 0x11f68600, 0x14e00000)
 Metaspace       used 19111K, capacity 19544K, committed 19712K, reserved 19840K
Event: 3010278.666 GC heap after
Heap after GC invocations=107631 (full 2):
 def new generation   total 39424K, used 7K [0x04e00000, 0x078c0000, 0x0f8a0000)
  eden space 35072K,   0% used [0x04e00000, 0x04e00000, 0x07040000)
  from space 4352K,   0% used [0x07040000, 0x07041f88, 0x07480000)
  to   space 4352K,   0% used [0x07480000, 0x07480000, 0x078c0000)
 tenured generation   total 87424K, used 39713K [0x0f8a0000, 0x14e00000, 0x24e00000)
   the space 87424K,  45% used [0x0f8a0000, 0x11f68568, 0x11f68600, 0x14e00000)
 Metaspace       used 19111K, capacity 19544K, committed 19712K, reserved 19840K
}

